2024-09-14 03:20:10,843 ERROR: Exception on /auth/login [GET] [in /home/ubuntu/microblog_EC2_deployment/virtual/lib/python3.9/site-packages/flask/app.py:825]
Traceback (most recent call last):
  File "/home/ubuntu/microblog_EC2_deployment/virtual/lib/python3.9/site-packages/flask/app.py", line 1455, in wsgi_app
  File "/home/ubuntu/microblog_EC2_deployment/virtual/lib/python3.9/site-packages/flask/app.py", line 869, in full_dispatch_request
  File "/home/ubuntu/microblog_EC2_deployment/virtual/lib/python3.9/site-packages/flask/app.py", line 865, in full_dispatch_request
  File "/home/ubuntu/microblog_EC2_deployment/virtual/lib/python3.9/site-packages/flask/app.py", line 1239, in preprocess_request
  File "/home/ubuntu/microblog_EC2_deployment/app/main/routes.py", line 22, in before_request
    g.locale = str(get_locale())
  File "/home/ubuntu/microblog_EC2_deployment/virtual/lib/python3.9/site-packages/flask_babel/__init__.py", line 267, in get_locale
  File "/home/ubuntu/microblog_EC2_deployment/virtual/lib/python3.9/site-packages/babel/core.py", line 350, in parse
  File "/home/ubuntu/microblog_EC2_deployment/virtual/lib/python3.9/site-packages/babel/core.py", line 335, in _try_load
  File "/home/ubuntu/microblog_EC2_deployment/virtual/lib/python3.9/site-packages/babel/core.py", line 204, in __init__
  File "/home/ubuntu/microblog_EC2_deployment/virtual/lib/python3.9/site-packages/babel/localedata.py", line 75, in exists
  File "/home/ubuntu/microblog_EC2_deployment/virtual/lib/python3.9/site-packages/babel/localedata.py", line 42, in normalize_locale
  File "/home/ubuntu/microblog_EC2_deployment/virtual/lib/python3.9/site-packages/babel/localedata.py", line 93, in locale_identifiers
FileNotFoundError: [Errno 2] No such file or directory: '/home/ubuntu/microblog_EC2_deployment/virtual/lib/python3.9/site-packages/babel/locale-data'
2024-09-14 03:22:32,128 INFO: Microblog startup [in /home/ubuntu/microblog_EC2_deployment/app/__init__.py:94]
2024-09-14 03:22:32,130 INFO: Microblog startup [in /home/ubuntu/microblog_EC2_deployment/app/__init__.py:94]
2024-09-14 03:22:32,129 INFO: Microblog startup [in /home/ubuntu/microblog_EC2_deployment/app/__init__.py:94]
2024-09-14 03:22:32,129 INFO: Microblog startup [in /home/ubuntu/microblog_EC2_deployment/app/__init__.py:94]
2024-09-14 03:26:10,566 INFO: Microblog startup [in /home/ubuntu/microblog_EC2_deployment/app/__init__.py:94]
2024-09-14 03:26:10,568 INFO: Microblog startup [in /home/ubuntu/microblog_EC2_deployment/app/__init__.py:94]
2024-09-14 03:26:10,569 INFO: Microblog startup [in /home/ubuntu/microblog_EC2_deployment/app/__init__.py:94]
2024-09-14 03:26:10,579 INFO: Microblog startup [in /home/ubuntu/microblog_EC2_deployment/app/__init__.py:94]
2024-09-14 07:00:23,517 INFO: Microblog startup [in /home/ubuntu/microblog_EC2_deployment/app/__init__.py:94]
2024-09-14 07:00:23,518 INFO: Microblog startup [in /home/ubuntu/microblog_EC2_deployment/app/__init__.py:94]
2024-09-14 07:00:23,518 INFO: Microblog startup [in /home/ubuntu/microblog_EC2_deployment/app/__init__.py:94]
2024-09-14 07:00:23,519 INFO: Microblog startup [in /home/ubuntu/microblog_EC2_deployment/app/__init__.py:94]
2024-09-14 22:39:06,681 INFO: Microblog startup [in /home/ubuntu/microblog_EC2_deployment/app/__init__.py:94]
2024-09-14 22:39:06,682 INFO: Microblog startup [in /home/ubuntu/microblog_EC2_deployment/app/__init__.py:94]
2024-09-14 22:39:06,682 INFO: Microblog startup [in /home/ubuntu/microblog_EC2_deployment/app/__init__.py:94]
2024-09-14 22:39:06,683 INFO: Microblog startup [in /home/ubuntu/microblog_EC2_deployment/app/__init__.py:94]
2024-09-15 01:48:50,294 INFO: Microblog startup [in /home/ubuntu/microblog_EC2_deployment/app/__init__.py:94]
2024-09-15 01:48:50,294 INFO: Microblog startup [in /home/ubuntu/microblog_EC2_deployment/app/__init__.py:94]
2024-09-15 01:48:50,295 INFO: Microblog startup [in /home/ubuntu/microblog_EC2_deployment/app/__init__.py:94]
2024-09-15 01:48:50,296 INFO: Microblog startup [in /home/ubuntu/microblog_EC2_deployment/app/__init__.py:94]
2024-09-15 01:52:27,363 INFO: Microblog startup [in /home/ubuntu/microblog_EC2_deployment/app/__init__.py:94]
2024-09-15 01:52:27,366 INFO: Microblog startup [in /home/ubuntu/microblog_EC2_deployment/app/__init__.py:94]
2024-09-15 01:52:27,380 INFO: Microblog startup [in /home/ubuntu/microblog_EC2_deployment/app/__init__.py:94]
2024-09-15 01:52:27,385 INFO: Microblog startup [in /home/ubuntu/microblog_EC2_deployment/app/__init__.py:94]
2024-09-15 01:55:46,996 INFO: Microblog startup [in /home/ubuntu/microblog_EC2_deployment/app/__init__.py:94]
2024-09-15 01:55:46,998 INFO: Microblog startup [in /home/ubuntu/microblog_EC2_deployment/app/__init__.py:94]
2024-09-15 01:55:47,034 INFO: Microblog startup [in /home/ubuntu/microblog_EC2_deployment/app/__init__.py:94]
2024-09-15 01:55:47,065 INFO: Microblog startup [in /home/ubuntu/microblog_EC2_deployment/app/__init__.py:94]
2024-09-15 01:58:59,813 INFO: Microblog startup [in /home/ubuntu/microblog_EC2_deployment/app/__init__.py:94]
2024-09-15 01:58:59,813 INFO: Microblog startup [in /home/ubuntu/microblog_EC2_deployment/app/__init__.py:94]
2024-09-15 01:58:59,811 INFO: Microblog startup [in /home/ubuntu/microblog_EC2_deployment/app/__init__.py:94]
2024-09-15 01:58:59,815 INFO: Microblog startup [in /home/ubuntu/microblog_EC2_deployment/app/__init__.py:94]
2024-09-15 02:38:36,537 INFO: Microblog startup [in /home/ubuntu/microblog_EC2_deployment/app/__init__.py:94]
2024-09-15 02:38:36,539 INFO: Microblog startup [in /home/ubuntu/microblog_EC2_deployment/app/__init__.py:94]
2024-09-15 02:38:36,538 INFO: Microblog startup [in /home/ubuntu/microblog_EC2_deployment/app/__init__.py:94]
2024-09-15 02:38:36,538 INFO: Microblog startup [in /home/ubuntu/microblog_EC2_deployment/app/__init__.py:94]
2024-09-15 03:13:36,519 INFO: Microblog startup [in /home/ubuntu/microblog_EC2_deployment/app/__init__.py:94]
2024-09-15 03:13:36,566 INFO: Microblog startup [in /home/ubuntu/microblog_EC2_deployment/app/__init__.py:94]
2024-09-15 03:13:36,662 INFO: Microblog startup [in /home/ubuntu/microblog_EC2_deployment/app/__init__.py:94]
2024-09-15 03:13:36,666 INFO: Microblog startup [in /home/ubuntu/microblog_EC2_deployment/app/__init__.py:94]
